
5月 03, 2017 19:24:06.86 NEW SESSION
5月 03, 2017 19:24:06.86 1493810646859	addons.xpi	WARN	Ignoring missing add-on in C:\Users\Nocol\AppData\Local\Youdao\Dict\Application\stable\extensions\firefox
5月 03, 2017 19:24:07.49 1493810647490	addons.xpi	WARN	Add-on tabtweak@mozillaonline.com is not compatible with application version.
5月 03, 2017 19:24:08.28 1493810648289	addons.webextension.wx-assistant@mozillaonline.com	WARN	Please specify whether you want browser_style or not in your browser_action options.
5月 03, 2017 19:24:09.50 1493810649504	FirefoxAccounts	ERROR	Background refresh of profile failed, bumping _cachedAt: {"name":"FxAccountsProfileClientError","code":null,"errno":998,"error":"NETWORK_ERROR","message":"[Exception... \"NS_ERROR_UNKNOWN_HOST\"  nsresult: \"0x804b001e (NS_ERROR_UNKNOWN_HOST)\"  location: \"JS frame :: resource://services-common/rest.js :: onStopRequest :: line 483\"  data: no]"}
5月 03, 2017 19:24:23.22 1493810663223	FirefoxAccounts	ERROR	error POSTing /certificate/sign: {"error":{},"errorString":"[Exception... \"NS_ERROR_UNKNOWN_HOST\"  nsresult: \"0x804b001e (NS_ERROR_UNKNOWN_HOST)\"  location: \"JS frame :: resource://services-common/rest.js :: onStopRequest :: line 483\"  data: no]","message":null,"code":null,"errno":null}
5月 03, 2017 19:24:23.22 1493810663223	FirefoxAccounts	ERROR	error POSTing /certificate/sign: {"error":{},"errorString":"[Exception... \"NS_ERROR_UNKNOWN_HOST\"  nsresult: \"0x804b001e (NS_ERROR_UNKNOWN_HOST)\"  location: \"JS frame :: resource://services-common/rest.js :: onStopRequest :: line 483\"  data: no]","message":null,"code":null,"errno":null}
5月 03, 2017 19:24:23.22 1493810663223	FirefoxAccounts	ERROR	HAWK.signCertificate error: {"error":{},"errorString":"[Exception... \"NS_ERROR_UNKNOWN_HOST\"  nsresult: \"0x804b001e (NS_ERROR_UNKNOWN_HOST)\"  location: \"JS frame :: resource://services-common/rest.js :: onStopRequest :: line 483\"  data: no]","message":null,"code":null,"errno":null}
5月 03, 2017 19:24:23.22 1493810663223	FirefoxAccounts	ERROR	HAWK.signCertificate error: {"error":{},"errorString":"[Exception... \"NS_ERROR_UNKNOWN_HOST\"  nsresult: \"0x804b001e (NS_ERROR_UNKNOWN_HOST)\"  location: \"JS frame :: resource://services-common/rest.js :: onStopRequest :: line 483\"  data: no]","message":null,"code":null,"errno":null}
5月 03, 2017 19:24:23.22 1493810663224	Sync.BrowserIDManager	ERROR	Non-authentication error in _fetchTokenForUser: {"error":{},"errorString":"[Exception... \"NS_ERROR_UNKNOWN_HOST\"  nsresult: \"0x804b001e (NS_ERROR_UNKNOWN_HOST)\"  location: \"JS frame :: resource://services-common/rest.js :: onStopRequest :: line 483\"  data: no]","message":null,"code":null,"errno":null}
5月 03, 2017 19:24:23.22 1493810663225	Sync.BrowserIDManager	ERROR	Background fetch for key bundle failed: {"error":{},"errorString":"[Exception... \"NS_ERROR_UNKNOWN_HOST\"  nsresult: \"0x804b001e (NS_ERROR_UNKNOWN_HOST)\"  location: \"JS frame :: resource://services-common/rest.js :: onStopRequest :: line 483\"  data: no]","message":null,"code":null,"errno":null}
5月 03, 2017 19:24:23.22 1493810663225	Sync.BrowserIDManager	ERROR	Could not authenticate: {"error":{},"errorString":"[Exception... \"NS_ERROR_UNKNOWN_HOST\"  nsresult: \"0x804b001e (NS_ERROR_UNKNOWN_HOST)\"  location: \"JS frame :: resource://services-common/rest.js :: onStopRequest :: line 483\"  data: no]","message":null,"code":null,"errno":null}
5月 03, 2017 19:24:23.22 1493810663227	Sync.ErrorHandler	ERROR	Sync encountered a login error
5月 03, 2017 19:34:23.27 1493811263275	FirefoxAccounts	ERROR	error POSTing /certificate/sign: {"error":{},"errorString":"[Exception... \"NS_ERROR_UNKNOWN_HOST\"  nsresult: \"0x804b001e (NS_ERROR_UNKNOWN_HOST)\"  location: \"JS frame :: resource://services-common/rest.js :: onStopRequest :: line 483\"  data: no]","message":null,"code":null,"errno":null}
5月 03, 2017 19:34:23.27 1493811263275	FirefoxAccounts	ERROR	error POSTing /certificate/sign: {"error":{},"errorString":"[Exception... \"NS_ERROR_UNKNOWN_HOST\"  nsresult: \"0x804b001e (NS_ERROR_UNKNOWN_HOST)\"  location: \"JS frame :: resource://services-common/rest.js :: onStopRequest :: line 483\"  data: no]","message":null,"code":null,"errno":null}
5月 03, 2017 19:34:23.27 1493811263275	FirefoxAccounts	ERROR	HAWK.signCertificate error: {"error":{},"errorString":"[Exception... \"NS_ERROR_UNKNOWN_HOST\"  nsresult: \"0x804b001e (NS_ERROR_UNKNOWN_HOST)\"  location: \"JS frame :: resource://services-common/rest.js :: onStopRequest :: line 483\"  data: no]","message":null,"code":null,"errno":null}
5月 03, 2017 19:34:23.27 1493811263275	FirefoxAccounts	ERROR	HAWK.signCertificate error: {"error":{},"errorString":"[Exception... \"NS_ERROR_UNKNOWN_HOST\"  nsresult: \"0x804b001e (NS_ERROR_UNKNOWN_HOST)\"  location: \"JS frame :: resource://services-common/rest.js :: onStopRequest :: line 483\"  data: no]","message":null,"code":null,"errno":null}
5月 03, 2017 19:34:23.27 1493811263276	Sync.BrowserIDManager	ERROR	Non-authentication error in _fetchTokenForUser: {"error":{},"errorString":"[Exception... \"NS_ERROR_UNKNOWN_HOST\"  nsresult: \"0x804b001e (NS_ERROR_UNKNOWN_HOST)\"  location: \"JS frame :: resource://services-common/rest.js :: onStopRequest :: line 483\"  data: no]","message":null,"code":null,"errno":null}
5月 03, 2017 19:34:23.27 1493811263277	Sync.BrowserIDManager	ERROR	Background fetch for key bundle failed: {"error":{},"errorString":"[Exception... \"NS_ERROR_UNKNOWN_HOST\"  nsresult: \"0x804b001e (NS_ERROR_UNKNOWN_HOST)\"  location: \"JS frame :: resource://services-common/rest.js :: onStopRequest :: line 483\"  data: no]","message":null,"code":null,"errno":null}
5月 03, 2017 19:34:23.27 1493811263277	Sync.BrowserIDManager	ERROR	Could not authenticate: {"error":{},"errorString":"[Exception... \"NS_ERROR_UNKNOWN_HOST\"  nsresult: \"0x804b001e (NS_ERROR_UNKNOWN_HOST)\"  location: \"JS frame :: resource://services-common/rest.js :: onStopRequest :: line 483\"  data: no]","message":null,"code":null,"errno":null}
5月 03, 2017 19:34:23.27 1493811263279	Sync.ErrorHandler	ERROR	Sync encountered a login error
5月 03, 2017 19:44:23.35 1493811863351	FirefoxAccounts	ERROR	error POSTing /certificate/sign: {"error":{},"errorString":"[Exception... \"NS_ERROR_UNKNOWN_HOST\"  nsresult: \"0x804b001e (NS_ERROR_UNKNOWN_HOST)\"  location: \"JS frame :: resource://services-common/rest.js :: onStopRequest :: line 483\"  data: no]","message":null,"code":null,"errno":null}
5月 03, 2017 19:44:23.35 1493811863351	FirefoxAccounts	ERROR	error POSTing /certificate/sign: {"error":{},"errorString":"[Exception... \"NS_ERROR_UNKNOWN_HOST\"  nsresult: \"0x804b001e (NS_ERROR_UNKNOWN_HOST)\"  location: \"JS frame :: resource://services-common/rest.js :: onStopRequest :: line 483\"  data: no]","message":null,"code":null,"errno":null}
5月 03, 2017 19:44:23.35 1493811863351	FirefoxAccounts	ERROR	HAWK.signCertificate error: {"error":{},"errorString":"[Exception... \"NS_ERROR_UNKNOWN_HOST\"  nsresult: \"0x804b001e (NS_ERROR_UNKNOWN_HOST)\"  location: \"JS frame :: resource://services-common/rest.js :: onStopRequest :: line 483\"  data: no]","message":null,"code":null,"errno":null}
5月 03, 2017 19:44:23.35 1493811863351	FirefoxAccounts	ERROR	HAWK.signCertificate error: {"error":{},"errorString":"[Exception... \"NS_ERROR_UNKNOWN_HOST\"  nsresult: \"0x804b001e (NS_ERROR_UNKNOWN_HOST)\"  location: \"JS frame :: resource://services-common/rest.js :: onStopRequest :: line 483\"  data: no]","message":null,"code":null,"errno":null}
5月 03, 2017 19:44:23.35 1493811863353	Sync.BrowserIDManager	ERROR	Non-authentication error in _fetchTokenForUser: {"error":{},"errorString":"[Exception... \"NS_ERROR_UNKNOWN_HOST\"  nsresult: \"0x804b001e (NS_ERROR_UNKNOWN_HOST)\"  location: \"JS frame :: resource://services-common/rest.js :: onStopRequest :: line 483\"  data: no]","message":null,"code":null,"errno":null}
5月 03, 2017 19:44:23.35 1493811863354	Sync.BrowserIDManager	ERROR	Background fetch for key bundle failed: {"error":{},"errorString":"[Exception... \"NS_ERROR_UNKNOWN_HOST\"  nsresult: \"0x804b001e (NS_ERROR_UNKNOWN_HOST)\"  location: \"JS frame :: resource://services-common/rest.js :: onStopRequest :: line 483\"  data: no]","message":null,"code":null,"errno":null}
5月 03, 2017 19:44:23.35 1493811863354	Sync.BrowserIDManager	ERROR	Could not authenticate: {"error":{},"errorString":"[Exception... \"NS_ERROR_UNKNOWN_HOST\"  nsresult: \"0x804b001e (NS_ERROR_UNKNOWN_HOST)\"  location: \"JS frame :: resource://services-common/rest.js :: onStopRequest :: line 483\"  data: no]","message":null,"code":null,"errno":null}
5月 03, 2017 19:44:23.35 1493811863358	Sync.ErrorHandler	ERROR	Sync encountered a login error
5月 03, 2017 19:54:23.41 1493812463411	FirefoxAccounts	ERROR	error POSTing /certificate/sign: {"error":{},"errorString":"[Exception... \"NS_ERROR_UNKNOWN_HOST\"  nsresult: \"0x804b001e (NS_ERROR_UNKNOWN_HOST)\"  location: \"JS frame :: resource://services-common/rest.js :: onStopRequest :: line 483\"  data: no]","message":null,"code":null,"errno":null}
5月 03, 2017 19:54:23.41 1493812463411	FirefoxAccounts	ERROR	error POSTing /certificate/sign: {"error":{},"errorString":"[Exception... \"NS_ERROR_UNKNOWN_HOST\"  nsresult: \"0x804b001e (NS_ERROR_UNKNOWN_HOST)\"  location: \"JS frame :: resource://services-common/rest.js :: onStopRequest :: line 483\"  data: no]","message":null,"code":null,"errno":null}
5月 03, 2017 19:54:23.41 1493812463412	FirefoxAccounts	ERROR	HAWK.signCertificate error: {"error":{},"errorString":"[Exception... \"NS_ERROR_UNKNOWN_HOST\"  nsresult: \"0x804b001e (NS_ERROR_UNKNOWN_HOST)\"  location: \"JS frame :: resource://services-common/rest.js :: onStopRequest :: line 483\"  data: no]","message":null,"code":null,"errno":null}
5月 03, 2017 19:54:23.41 1493812463412	FirefoxAccounts	ERROR	HAWK.signCertificate error: {"error":{},"errorString":"[Exception... \"NS_ERROR_UNKNOWN_HOST\"  nsresult: \"0x804b001e (NS_ERROR_UNKNOWN_HOST)\"  location: \"JS frame :: resource://services-common/rest.js :: onStopRequest :: line 483\"  data: no]","message":null,"code":null,"errno":null}
5月 03, 2017 19:54:23.41 1493812463415	Sync.BrowserIDManager	ERROR	Non-authentication error in _fetchTokenForUser: {"error":{},"errorString":"[Exception... \"NS_ERROR_UNKNOWN_HOST\"  nsresult: \"0x804b001e (NS_ERROR_UNKNOWN_HOST)\"  location: \"JS frame :: resource://services-common/rest.js :: onStopRequest :: line 483\"  data: no]","message":null,"code":null,"errno":null}
5月 03, 2017 19:54:23.41 1493812463417	Sync.BrowserIDManager	ERROR	Background fetch for key bundle failed: {"error":{},"errorString":"[Exception... \"NS_ERROR_UNKNOWN_HOST\"  nsresult: \"0x804b001e (NS_ERROR_UNKNOWN_HOST)\"  location: \"JS frame :: resource://services-common/rest.js :: onStopRequest :: line 483\"  data: no]","message":null,"code":null,"errno":null}
5月 03, 2017 19:54:23.42 1493812463418	Sync.BrowserIDManager	ERROR	Could not authenticate: {"error":{},"errorString":"[Exception... \"NS_ERROR_UNKNOWN_HOST\"  nsresult: \"0x804b001e (NS_ERROR_UNKNOWN_HOST)\"  location: \"JS frame :: resource://services-common/rest.js :: onStopRequest :: line 483\"  data: no]","message":null,"code":null,"errno":null}
5月 03, 2017 19:54:23.42 1493812463423	Sync.ErrorHandler	ERROR	Sync encountered a login error
5月 03, 2017 20:04:23.48 1493813063484	FirefoxAccounts	ERROR	error POSTing /certificate/sign: {"error":{},"errorString":"[Exception... \"NS_ERROR_UNKNOWN_HOST\"  nsresult: \"0x804b001e (NS_ERROR_UNKNOWN_HOST)\"  location: \"JS frame :: resource://services-common/rest.js :: onStopRequest :: line 483\"  data: no]","message":null,"code":null,"errno":null}
5月 03, 2017 20:04:23.48 1493813063484	FirefoxAccounts	ERROR	error POSTing /certificate/sign: {"error":{},"errorString":"[Exception... \"NS_ERROR_UNKNOWN_HOST\"  nsresult: \"0x804b001e (NS_ERROR_UNKNOWN_HOST)\"  location: \"JS frame :: resource://services-common/rest.js :: onStopRequest :: line 483\"  data: no]","message":null,"code":null,"errno":null}
5月 03, 2017 20:04:23.48 1493813063484	FirefoxAccounts	ERROR	HAWK.signCertificate error: {"error":{},"errorString":"[Exception... \"NS_ERROR_UNKNOWN_HOST\"  nsresult: \"0x804b001e (NS_ERROR_UNKNOWN_HOST)\"  location: \"JS frame :: resource://services-common/rest.js :: onStopRequest :: line 483\"  data: no]","message":null,"code":null,"errno":null}
5月 03, 2017 20:04:23.48 1493813063484	FirefoxAccounts	ERROR	HAWK.signCertificate error: {"error":{},"errorString":"[Exception... \"NS_ERROR_UNKNOWN_HOST\"  nsresult: \"0x804b001e (NS_ERROR_UNKNOWN_HOST)\"  location: \"JS frame :: resource://services-common/rest.js :: onStopRequest :: line 483\"  data: no]","message":null,"code":null,"errno":null}
5月 03, 2017 20:04:23.48 1493813063485	Sync.BrowserIDManager	ERROR	Non-authentication error in _fetchTokenForUser: {"error":{},"errorString":"[Exception... \"NS_ERROR_UNKNOWN_HOST\"  nsresult: \"0x804b001e (NS_ERROR_UNKNOWN_HOST)\"  location: \"JS frame :: resource://services-common/rest.js :: onStopRequest :: line 483\"  data: no]","message":null,"code":null,"errno":null}
5月 03, 2017 20:04:23.48 1493813063486	Sync.BrowserIDManager	ERROR	Background fetch for key bundle failed: {"error":{},"errorString":"[Exception... \"NS_ERROR_UNKNOWN_HOST\"  nsresult: \"0x804b001e (NS_ERROR_UNKNOWN_HOST)\"  location: \"JS frame :: resource://services-common/rest.js :: onStopRequest :: line 483\"  data: no]","message":null,"code":null,"errno":null}
5月 03, 2017 20:04:23.48 1493813063486	Sync.BrowserIDManager	ERROR	Could not authenticate: {"error":{},"errorString":"[Exception... \"NS_ERROR_UNKNOWN_HOST\"  nsresult: \"0x804b001e (NS_ERROR_UNKNOWN_HOST)\"  location: \"JS frame :: resource://services-common/rest.js :: onStopRequest :: line 483\"  data: no]","message":null,"code":null,"errno":null}
5月 03, 2017 20:04:23.48 1493813063488	Sync.ErrorHandler	ERROR	Sync encountered a login error
5月 03, 2017 20:14:23.54 1493813663548	FirefoxAccounts	ERROR	error POSTing /certificate/sign: {"error":{},"errorString":"[Exception... \"NS_ERROR_UNKNOWN_HOST\"  nsresult: \"0x804b001e (NS_ERROR_UNKNOWN_HOST)\"  location: \"JS frame :: resource://services-common/rest.js :: onStopRequest :: line 483\"  data: no]","message":null,"code":null,"errno":null}
5月 03, 2017 20:14:23.54 1493813663548	FirefoxAccounts	ERROR	error POSTing /certificate/sign: {"error":{},"errorString":"[Exception... \"NS_ERROR_UNKNOWN_HOST\"  nsresult: \"0x804b001e (NS_ERROR_UNKNOWN_HOST)\"  location: \"JS frame :: resource://services-common/rest.js :: onStopRequest :: line 483\"  data: no]","message":null,"code":null,"errno":null}
5月 03, 2017 20:14:23.54 1493813663548	FirefoxAccounts	ERROR	HAWK.signCertificate error: {"error":{},"errorString":"[Exception... \"NS_ERROR_UNKNOWN_HOST\"  nsresult: \"0x804b001e (NS_ERROR_UNKNOWN_HOST)\"  location: \"JS frame :: resource://services-common/rest.js :: onStopRequest :: line 483\"  data: no]","message":null,"code":null,"errno":null}
5月 03, 2017 20:14:23.55 1493813663548	FirefoxAccounts	ERROR	HAWK.signCertificate error: {"error":{},"errorString":"[Exception... \"NS_ERROR_UNKNOWN_HOST\"  nsresult: \"0x804b001e (NS_ERROR_UNKNOWN_HOST)\"  location: \"JS frame :: resource://services-common/rest.js :: onStopRequest :: line 483\"  data: no]","message":null,"code":null,"errno":null}
5月 03, 2017 20:14:23.55 1493813663549	Sync.BrowserIDManager	ERROR	Non-authentication error in _fetchTokenForUser: {"error":{},"errorString":"[Exception... \"NS_ERROR_UNKNOWN_HOST\"  nsresult: \"0x804b001e (NS_ERROR_UNKNOWN_HOST)\"  location: \"JS frame :: resource://services-common/rest.js :: onStopRequest :: line 483\"  data: no]","message":null,"code":null,"errno":null}
5月 03, 2017 20:14:23.55 1493813663550	Sync.BrowserIDManager	ERROR	Background fetch for key bundle failed: {"error":{},"errorString":"[Exception... \"NS_ERROR_UNKNOWN_HOST\"  nsresult: \"0x804b001e (NS_ERROR_UNKNOWN_HOST)\"  location: \"JS frame :: resource://services-common/rest.js :: onStopRequest :: line 483\"  data: no]","message":null,"code":null,"errno":null}
5月 03, 2017 20:14:23.55 1493813663550	Sync.BrowserIDManager	ERROR	Could not authenticate: {"error":{},"errorString":"[Exception... \"NS_ERROR_UNKNOWN_HOST\"  nsresult: \"0x804b001e (NS_ERROR_UNKNOWN_HOST)\"  location: \"JS frame :: resource://services-common/rest.js :: onStopRequest :: line 483\"  data: no]","message":null,"code":null,"errno":null}
5月 03, 2017 20:14:23.55 1493813663554	Sync.ErrorHandler	ERROR	Sync encountered a login error
5月 03, 2017 20:24:23.63 1493814263609	FirefoxAccounts	ERROR	error POSTing /certificate/sign: {"error":{},"errorString":"[Exception... \"NS_ERROR_UNKNOWN_HOST\"  nsresult: \"0x804b001e (NS_ERROR_UNKNOWN_HOST)\"  location: \"JS frame :: resource://services-common/rest.js :: onStopRequest :: line 483\"  data: no]","message":null,"code":null,"errno":null}
5月 03, 2017 20:24:23.63 1493814263609	FirefoxAccounts	ERROR	error POSTing /certificate/sign: {"error":{},"errorString":"[Exception... \"NS_ERROR_UNKNOWN_HOST\"  nsresult: \"0x804b001e (NS_ERROR_UNKNOWN_HOST)\"  location: \"JS frame :: resource://services-common/rest.js :: onStopRequest :: line 483\"  data: no]","message":null,"code":null,"errno":null}
5月 03, 2017 20:24:23.63 1493814263610	FirefoxAccounts	ERROR	HAWK.signCertificate error: {"error":{},"errorString":"[Exception... \"NS_ERROR_UNKNOWN_HOST\"  nsresult: \"0x804b001e (NS_ERROR_UNKNOWN_HOST)\"  location: \"JS frame :: resource://services-common/rest.js :: onStopRequest :: line 483\"  data: no]","message":null,"code":null,"errno":null}
5月 03, 2017 20:24:23.63 1493814263610	FirefoxAccounts	ERROR	HAWK.signCertificate error: {"error":{},"errorString":"[Exception... \"NS_ERROR_UNKNOWN_HOST\"  nsresult: \"0x804b001e (NS_ERROR_UNKNOWN_HOST)\"  location: \"JS frame :: resource://services-common/rest.js :: onStopRequest :: line 483\"  data: no]","message":null,"code":null,"errno":null}
5月 03, 2017 20:24:23.63 1493814263626	Sync.BrowserIDManager	ERROR	Non-authentication error in _fetchTokenForUser: {"error":{},"errorString":"[Exception... \"NS_ERROR_UNKNOWN_HOST\"  nsresult: \"0x804b001e (NS_ERROR_UNKNOWN_HOST)\"  location: \"JS frame :: resource://services-common/rest.js :: onStopRequest :: line 483\"  data: no]","message":null,"code":null,"errno":null}
5月 03, 2017 20:24:23.63 1493814263627	Sync.BrowserIDManager	ERROR	Background fetch for key bundle failed: {"error":{},"errorString":"[Exception... \"NS_ERROR_UNKNOWN_HOST\"  nsresult: \"0x804b001e (NS_ERROR_UNKNOWN_HOST)\"  location: \"JS frame :: resource://services-common/rest.js :: onStopRequest :: line 483\"  data: no]","message":null,"code":null,"errno":null}
5月 03, 2017 20:24:23.63 1493814263628	Sync.BrowserIDManager	ERROR	Could not authenticate: {"error":{},"errorString":"[Exception... \"NS_ERROR_UNKNOWN_HOST\"  nsresult: \"0x804b001e (NS_ERROR_UNKNOWN_HOST)\"  location: \"JS frame :: resource://services-common/rest.js :: onStopRequest :: line 483\"  data: no]","message":null,"code":null,"errno":null}
5月 03, 2017 20:24:23.63 1493814263632	Sync.ErrorHandler	ERROR	Sync encountered a login error
5月 03, 2017 20:32:01.74 console.error: 
5月 03, 2017 20:32:01.74   Message: ReferenceError: reason is not defined
5月 03, 2017 20:32:01.74   Stack:
5月 03, 2017 20:32:01.74     exports.onUnload@resource://gre/modules/commonjs/toolkit/loader.js -> resource://commonfix-at-mozillaonline-dot-com/lib/main.js:316:1
5月 03, 2017 20:32:01.74 unload/<@resource://gre/modules/commonjs/toolkit/loader.js -> resource://gre/modules/commonjs/sdk/system/unload.js:79:9
5月 03, 2017 20:32:01.74 unload@resource://gre/modules/commonjs/toolkit/loader.js -> resource://gre/modules/commonjs/sdk/system/unload.js:73:3
5月 03, 2017 20:32:01.74 onunload@resource://gre/modules/commonjs/toolkit/loader.js -> resource://gre/modules/commonjs/sdk/system/unload.js:99:5
5月 03, 2017 20:32:01.74 observe@resource://gre/modules/commonjs/toolkit/loader.js -> resource://gre/modules/commonjs/sdk/system/events.js:81:7
5月 03, 2017 20:32:01.74 unload@resource://gre/modules/commonjs/toolkit/loader.js:956:3
5月 03, 2017 20:32:01.74 unload/<@resource://gre/modules/commonjs/toolkit/loader.js -> resource://gre/modules/commonjs/sdk/addon/bootstrap.js:156:9
5月 03, 2017 20:32:01.74 unload@resource://gre/modules/commonjs/toolkit/loader.js -> resource://gre/modules/commonjs/sdk/addon/bootstrap.js:152:12
5月 03, 2017 20:32:01.74 shutdown@resource://gre/modules/commonjs/toolkit/loader.js -> resource://gre/modules/commonjs/sdk/addon/bootstrap.js:149:12
5月 03, 2017 20:32:01.74 callBootstrapMethod@resource://gre/modules/addons/XPIProvider.jsm:4903:11
5月 03, 2017 20:32:01.74 observe@resource://gre/modules/addons/XPIProvider.jsm:2884:15
5月 03, 2017 20:32:01.74 

5月 18, 2017 18:47:05.18 NEW SESSION
5月 18, 2017 18:47:05.18 1495104425175	addons.xpi	WARN	Ignoring missing add-on in C:\Users\Nocol\AppData\Local\Youdao\Dict\Application\stable\extensions\firefox
5月 18, 2017 18:47:05.75 1495104425752	addons.xpi	WARN	Add-on tabtweak@mozillaonline.com is not compatible with application version.
5月 18, 2017 18:47:06.58 1495104426586	addons.webextension.wx-assistant@mozillaonline.com	WARN	Please specify whether you want browser_style or not in your browser_action options.
5月 18, 2017 18:47:07.91 1495104427909	FirefoxAccounts	ERROR	Background refresh of profile failed, bumping _cachedAt: {"name":"FxAccountsProfileClientError","code":null,"errno":998,"error":"NETWORK_ERROR","message":"[Exception... \"NS_ERROR_UNKNOWN_HOST\"  nsresult: \"0x804b001e (NS_ERROR_UNKNOWN_HOST)\"  location: \"JS frame :: resource://services-common/rest.js :: onStopRequest :: line 483\"  data: no]"}
5月 18, 2017 18:47:21.51 1495104441517	FirefoxAccounts	ERROR	error POSTing /certificate/sign: {"error":{},"errorString":"[Exception... \"NS_ERROR_UNKNOWN_HOST\"  nsresult: \"0x804b001e (NS_ERROR_UNKNOWN_HOST)\"  location: \"JS frame :: resource://services-common/rest.js :: onStopRequest :: line 483\"  data: no]","message":null,"code":null,"errno":null}
5月 18, 2017 18:47:21.51 1495104441517	FirefoxAccounts	ERROR	error POSTing /certificate/sign: {"error":{},"errorString":"[Exception... \"NS_ERROR_UNKNOWN_HOST\"  nsresult: \"0x804b001e (NS_ERROR_UNKNOWN_HOST)\"  location: \"JS frame :: resource://services-common/rest.js :: onStopRequest :: line 483\"  data: no]","message":null,"code":null,"errno":null}
5月 18, 2017 18:47:21.52 1495104441518	FirefoxAccounts	ERROR	HAWK.signCertificate error: {"error":{},"errorString":"[Exception... \"NS_ERROR_UNKNOWN_HOST\"  nsresult: \"0x804b001e (NS_ERROR_UNKNOWN_HOST)\"  location: \"JS frame :: resource://services-common/rest.js :: onStopRequest :: line 483\"  data: no]","message":null,"code":null,"errno":null}
5月 18, 2017 18:47:21.52 1495104441518	FirefoxAccounts	ERROR	HAWK.signCertificate error: {"error":{},"errorString":"[Exception... \"NS_ERROR_UNKNOWN_HOST\"  nsresult: \"0x804b001e (NS_ERROR_UNKNOWN_HOST)\"  location: \"JS frame :: resource://services-common/rest.js :: onStopRequest :: line 483\"  data: no]","message":null,"code":null,"errno":null}
5月 18, 2017 18:47:21.52 1495104441520	Sync.BrowserIDManager	ERROR	Non-authentication error in _fetchTokenForUser: {"error":{},"errorString":"[Exception... \"NS_ERROR_UNKNOWN_HOST\"  nsresult: \"0x804b001e (NS_ERROR_UNKNOWN_HOST)\"  location: \"JS frame :: resource://services-common/rest.js :: onStopRequest :: line 483\"  data: no]","message":null,"code":null,"errno":null}
5月 18, 2017 18:47:21.52 1495104441521	Sync.BrowserIDManager	ERROR	Background fetch for key bundle failed: {"error":{},"errorString":"[Exception... \"NS_ERROR_UNKNOWN_HOST\"  nsresult: \"0x804b001e (NS_ERROR_UNKNOWN_HOST)\"  location: \"JS frame :: resource://services-common/rest.js :: onStopRequest :: line 483\"  data: no]","message":null,"code":null,"errno":null}
5月 18, 2017 18:47:21.52 1495104441521	Sync.BrowserIDManager	ERROR	Could not authenticate: {"error":{},"errorString":"[Exception... \"NS_ERROR_UNKNOWN_HOST\"  nsresult: \"0x804b001e (NS_ERROR_UNKNOWN_HOST)\"  location: \"JS frame :: resource://services-common/rest.js :: onStopRequest :: line 483\"  data: no]","message":null,"code":null,"errno":null}
5月 18, 2017 18:47:21.52 1495104441526	Sync.ErrorHandler	ERROR	Sync encountered a login error
5月 18, 2017 18:48:07.07 1495104487077	addons.productaddons	WARN	Failed downloading XML, status: 0, reason: error
5月 18, 2017 19:47:21.57 1495108041573	FirefoxAccounts	ERROR	error POSTing /certificate/sign: {"error":{},"errorString":"[Exception... \"NS_ERROR_UNKNOWN_HOST\"  nsresult: \"0x804b001e (NS_ERROR_UNKNOWN_HOST)\"  location: \"JS frame :: resource://services-common/rest.js :: onStopRequest :: line 483\"  data: no]","message":null,"code":null,"errno":null}
5月 18, 2017 19:47:21.57 1495108041573	FirefoxAccounts	ERROR	error POSTing /certificate/sign: {"error":{},"errorString":"[Exception... \"NS_ERROR_UNKNOWN_HOST\"  nsresult: \"0x804b001e (NS_ERROR_UNKNOWN_HOST)\"  location: \"JS frame :: resource://services-common/rest.js :: onStopRequest :: line 483\"  data: no]","message":null,"code":null,"errno":null}
5月 18, 2017 19:47:21.57 1495108041574	FirefoxAccounts	ERROR	HAWK.signCertificate error: {"error":{},"errorString":"[Exception... \"NS_ERROR_UNKNOWN_HOST\"  nsresult: \"0x804b001e (NS_ERROR_UNKNOWN_HOST)\"  location: \"JS frame :: resource://services-common/rest.js :: onStopRequest :: line 483\"  data: no]","message":null,"code":null,"errno":null}
5月 18, 2017 19:47:21.57 1495108041574	FirefoxAccounts	ERROR	HAWK.signCertificate error: {"error":{},"errorString":"[Exception... \"NS_ERROR_UNKNOWN_HOST\"  nsresult: \"0x804b001e (NS_ERROR_UNKNOWN_HOST)\"  location: \"JS frame :: resource://services-common/rest.js :: onStopRequest :: line 483\"  data: no]","message":null,"code":null,"errno":null}
5月 18, 2017 19:47:21.57 1495108041575	Sync.BrowserIDManager	ERROR	Non-authentication error in _fetchTokenForUser: {"error":{},"errorString":"[Exception... \"NS_ERROR_UNKNOWN_HOST\"  nsresult: \"0x804b001e (NS_ERROR_UNKNOWN_HOST)\"  location: \"JS frame :: resource://services-common/rest.js :: onStopRequest :: line 483\"  data: no]","message":null,"code":null,"errno":null}
5月 18, 2017 19:47:21.57 1495108041576	Sync.BrowserIDManager	ERROR	Background fetch for key bundle failed: {"error":{},"errorString":"[Exception... \"NS_ERROR_UNKNOWN_HOST\"  nsresult: \"0x804b001e (NS_ERROR_UNKNOWN_HOST)\"  location: \"JS frame :: resource://services-common/rest.js :: onStopRequest :: line 483\"  data: no]","message":null,"code":null,"errno":null}
5月 18, 2017 19:47:21.57 1495108041576	Sync.BrowserIDManager	ERROR	Could not authenticate: {"error":{},"errorString":"[Exception... \"NS_ERROR_UNKNOWN_HOST\"  nsresult: \"0x804b001e (NS_ERROR_UNKNOWN_HOST)\"  location: \"JS frame :: resource://services-common/rest.js :: onStopRequest :: line 483\"  data: no]","message":null,"code":null,"errno":null}
5月 18, 2017 19:47:21.58 1495108041579	Sync.ErrorHandler	ERROR	Sync encountered a login error
5月 18, 2017 20:29:53.93 console.error: 
5月 18, 2017 20:29:53.93   Message: ReferenceError: reason is not defined
5月 18, 2017 20:29:53.93   Stack:
5月 18, 2017 20:29:53.93     exports.onUnload@resource://gre/modules/commonjs/toolkit/loader.js -> resource://commonfix-at-mozillaonline-dot-com/lib/main.js:316:1
5月 18, 2017 20:29:53.93 unload/<@resource://gre/modules/commonjs/toolkit/loader.js -> resource://gre/modules/commonjs/sdk/system/unload.js:79:9
5月 18, 2017 20:29:53.93 unload@resource://gre/modules/commonjs/toolkit/loader.js -> resource://gre/modules/commonjs/sdk/system/unload.js:73:3
5月 18, 2017 20:29:53.93 onunload@resource://gre/modules/commonjs/toolkit/loader.js -> resource://gre/modules/commonjs/sdk/system/unload.js:99:5
5月 18, 2017 20:29:53.93 observe@resource://gre/modules/commonjs/toolkit/loader.js -> resource://gre/modules/commonjs/sdk/system/events.js:81:7
5月 18, 2017 20:29:53.93 unload@resource://gre/modules/commonjs/toolkit/loader.js:956:3
5月 18, 2017 20:29:53.93 unload/<@resource://gre/modules/commonjs/toolkit/loader.js -> resource://gre/modules/commonjs/sdk/addon/bootstrap.js:156:9
5月 18, 2017 20:29:53.93 unload@resource://gre/modules/commonjs/toolkit/loader.js -> resource://gre/modules/commonjs/sdk/addon/bootstrap.js:152:12
5月 18, 2017 20:29:53.93 shutdown@resource://gre/modules/commonjs/toolkit/loader.js -> resource://gre/modules/commonjs/sdk/addon/bootstrap.js:149:12
5月 18, 2017 20:29:53.93 callBootstrapMethod@resource://gre/modules/addons/XPIProvider.jsm:4903:11
5月 18, 2017 20:29:53.93 observe@resource://gre/modules/addons/XPIProvider.jsm:2884:15
5月 18, 2017 20:29:53.93 

5月 19, 2017 14:14:29.88 NEW SESSION
5月 19, 2017 14:14:29.88 1495174469860	addons.xpi	WARN	Ignoring missing add-on in C:\Users\Nocol\AppData\Local\Youdao\Dict\Application\stable\extensions\firefox
5月 19, 2017 14:14:30.49 1495174470490	addons.xpi	WARN	Add-on tabtweak@mozillaonline.com is not compatible with application version.
5月 19, 2017 14:14:31.29 1495174471299	addons.webextension.wx-assistant@mozillaonline.com	WARN	Please specify whether you want browser_style or not in your browser_action options.
5月 19, 2017 14:14:33.06 1495174473061	FirefoxAccounts	ERROR	Background refresh of profile failed, bumping _cachedAt: {"name":"FxAccountsProfileClientError","code":null,"errno":998,"error":"NETWORK_ERROR","message":"[Exception... \"NS_ERROR_UNKNOWN_HOST\"  nsresult: \"0x804b001e (NS_ERROR_UNKNOWN_HOST)\"  location: \"JS frame :: resource://services-common/rest.js :: onStopRequest :: line 483\"  data: no]"}
5月 19, 2017 14:14:33.06 1495174473062	FirefoxAccounts	ERROR	Background refresh of profile failed, bumping _cachedAt: {"name":"FxAccountsProfileClientError","code":null,"errno":998,"error":"NETWORK_ERROR","message":"[Exception... \"NS_ERROR_UNKNOWN_HOST\"  nsresult: \"0x804b001e (NS_ERROR_UNKNOWN_HOST)\"  location: \"JS frame :: resource://services-common/rest.js :: onStopRequest :: line 483\"  data: no]"}
5月 19, 2017 14:14:47.24 1495174487248	FirefoxAccounts	ERROR	error POSTing /certificate/sign: {"error":{},"errorString":"[Exception... \"NS_ERROR_UNKNOWN_HOST\"  nsresult: \"0x804b001e (NS_ERROR_UNKNOWN_HOST)\"  location: \"JS frame :: resource://services-common/rest.js :: onStopRequest :: line 483\"  data: no]","message":null,"code":null,"errno":null}
5月 19, 2017 14:14:47.25 1495174487248	FirefoxAccounts	ERROR	error POSTing /certificate/sign: {"error":{},"errorString":"[Exception... \"NS_ERROR_UNKNOWN_HOST\"  nsresult: \"0x804b001e (NS_ERROR_UNKNOWN_HOST)\"  location: \"JS frame :: resource://services-common/rest.js :: onStopRequest :: line 483\"  data: no]","message":null,"code":null,"errno":null}
5月 19, 2017 14:14:47.25 1495174487249	FirefoxAccounts	ERROR	HAWK.signCertificate error: {"error":{},"errorString":"[Exception... \"NS_ERROR_UNKNOWN_HOST\"  nsresult: \"0x804b001e (NS_ERROR_UNKNOWN_HOST)\"  location: \"JS frame :: resource://services-common/rest.js :: onStopRequest :: line 483\"  data: no]","message":null,"code":null,"errno":null}
5月 19, 2017 14:14:47.25 1495174487249	FirefoxAccounts	ERROR	HAWK.signCertificate error: {"error":{},"errorString":"[Exception... \"NS_ERROR_UNKNOWN_HOST\"  nsresult: \"0x804b001e (NS_ERROR_UNKNOWN_HOST)\"  location: \"JS frame :: resource://services-common/rest.js :: onStopRequest :: line 483\"  data: no]","message":null,"code":null,"errno":null}
5月 19, 2017 14:14:47.25 1495174487251	Sync.BrowserIDManager	ERROR	Non-authentication error in _fetchTokenForUser: {"error":{},"errorString":"[Exception... \"NS_ERROR_UNKNOWN_HOST\"  nsresult: \"0x804b001e (NS_ERROR_UNKNOWN_HOST)\"  location: \"JS frame :: resource://services-common/rest.js :: onStopRequest :: line 483\"  data: no]","message":null,"code":null,"errno":null}
5月 19, 2017 14:14:47.25 1495174487252	Sync.BrowserIDManager	ERROR	Background fetch for key bundle failed: {"error":{},"errorString":"[Exception... \"NS_ERROR_UNKNOWN_HOST\"  nsresult: \"0x804b001e (NS_ERROR_UNKNOWN_HOST)\"  location: \"JS frame :: resource://services-common/rest.js :: onStopRequest :: line 483\"  data: no]","message":null,"code":null,"errno":null}
5月 19, 2017 14:14:47.25 1495174487252	Sync.BrowserIDManager	ERROR	Could not authenticate: {"error":{},"errorString":"[Exception... \"NS_ERROR_UNKNOWN_HOST\"  nsresult: \"0x804b001e (NS_ERROR_UNKNOWN_HOST)\"  location: \"JS frame :: resource://services-common/rest.js :: onStopRequest :: line 483\"  data: no]","message":null,"code":null,"errno":null}
5月 19, 2017 14:14:47.25 1495174487255	Sync.ErrorHandler	ERROR	Sync encountered a login error
5月 19, 2017 15:14:47.28 1495178087285	FirefoxAccounts	ERROR	error POSTing /certificate/sign: {"error":{},"errorString":"[Exception... \"NS_ERROR_UNKNOWN_HOST\"  nsresult: \"0x804b001e (NS_ERROR_UNKNOWN_HOST)\"  location: \"JS frame :: resource://services-common/rest.js :: onStopRequest :: line 483\"  data: no]","message":null,"code":null,"errno":null}
5月 19, 2017 15:14:47.31 1495178087285	FirefoxAccounts	ERROR	error POSTing /certificate/sign: {"error":{},"errorString":"[Exception... \"NS_ERROR_UNKNOWN_HOST\"  nsresult: \"0x804b001e (NS_ERROR_UNKNOWN_HOST)\"  location: \"JS frame :: resource://services-common/rest.js :: onStopRequest :: line 483\"  data: no]","message":null,"code":null,"errno":null}
5月 19, 2017 15:14:47.31 1495178087285	FirefoxAccounts	ERROR	HAWK.signCertificate error: {"error":{},"errorString":"[Exception... \"NS_ERROR_UNKNOWN_HOST\"  nsresult: \"0x804b001e (NS_ERROR_UNKNOWN_HOST)\"  location: \"JS frame :: resource://services-common/rest.js :: onStopRequest :: line 483\"  data: no]","message":null,"code":null,"errno":null}
5月 19, 2017 15:14:47.31 1495178087285	FirefoxAccounts	ERROR	HAWK.signCertificate error: {"error":{},"errorString":"[Exception... \"NS_ERROR_UNKNOWN_HOST\"  nsresult: \"0x804b001e (NS_ERROR_UNKNOWN_HOST)\"  location: \"JS frame :: resource://services-common/rest.js :: onStopRequest :: line 483\"  data: no]","message":null,"code":null,"errno":null}
5月 19, 2017 15:14:47.31 1495178087286	Sync.BrowserIDManager	ERROR	Non-authentication error in _fetchTokenForUser: {"error":{},"errorString":"[Exception... \"NS_ERROR_UNKNOWN_HOST\"  nsresult: \"0x804b001e (NS_ERROR_UNKNOWN_HOST)\"  location: \"JS frame :: resource://services-common/rest.js :: onStopRequest :: line 483\"  data: no]","message":null,"code":null,"errno":null}
5月 19, 2017 15:14:47.31 1495178087286	Sync.BrowserIDManager	ERROR	Background fetch for key bundle failed: {"error":{},"errorString":"[Exception... \"NS_ERROR_UNKNOWN_HOST\"  nsresult: \"0x804b001e (NS_ERROR_UNKNOWN_HOST)\"  location: \"JS frame :: resource://services-common/rest.js :: onStopRequest :: line 483\"  data: no]","message":null,"code":null,"errno":null}
5月 19, 2017 15:14:47.31 1495178087287	Sync.BrowserIDManager	ERROR	Could not authenticate: {"error":{},"errorString":"[Exception... \"NS_ERROR_UNKNOWN_HOST\"  nsresult: \"0x804b001e (NS_ERROR_UNKNOWN_HOST)\"  location: \"JS frame :: resource://services-common/rest.js :: onStopRequest :: line 483\"  data: no]","message":null,"code":null,"errno":null}
5月 19, 2017 15:14:47.31 1495178087289	Sync.ErrorHandler	ERROR	Sync encountered a login error
5月 19, 2017 16:14:47.33 1495181687333	FirefoxAccounts	ERROR	error POSTing /certificate/sign: {"error":{},"errorString":"[Exception... \"NS_ERROR_UNKNOWN_HOST\"  nsresult: \"0x804b001e (NS_ERROR_UNKNOWN_HOST)\"  location: \"JS frame :: resource://services-common/rest.js :: onStopRequest :: line 483\"  data: no]","message":null,"code":null,"errno":null}
5月 19, 2017 16:14:47.33 1495181687333	FirefoxAccounts	ERROR	error POSTing /certificate/sign: {"error":{},"errorString":"[Exception... \"NS_ERROR_UNKNOWN_HOST\"  nsresult: \"0x804b001e (NS_ERROR_UNKNOWN_HOST)\"  location: \"JS frame :: resource://services-common/rest.js :: onStopRequest :: line 483\"  data: no]","message":null,"code":null,"errno":null}
5月 19, 2017 16:14:47.33 1495181687333	FirefoxAccounts	ERROR	HAWK.signCertificate error: {"error":{},"errorString":"[Exception... \"NS_ERROR_UNKNOWN_HOST\"  nsresult: \"0x804b001e (NS_ERROR_UNKNOWN_HOST)\"  location: \"JS frame :: resource://services-common/rest.js :: onStopRequest :: line 483\"  data: no]","message":null,"code":null,"errno":null}
5月 19, 2017 16:14:47.33 1495181687333	FirefoxAccounts	ERROR	HAWK.signCertificate error: {"error":{},"errorString":"[Exception... \"NS_ERROR_UNKNOWN_HOST\"  nsresult: \"0x804b001e (NS_ERROR_UNKNOWN_HOST)\"  location: \"JS frame :: resource://services-common/rest.js :: onStopRequest :: line 483\"  data: no]","message":null,"code":null,"errno":null}
5月 19, 2017 16:14:47.33 1495181687335	Sync.BrowserIDManager	ERROR	Non-authentication error in _fetchTokenForUser: {"error":{},"errorString":"[Exception... \"NS_ERROR_UNKNOWN_HOST\"  nsresult: \"0x804b001e (NS_ERROR_UNKNOWN_HOST)\"  location: \"JS frame :: resource://services-common/rest.js :: onStopRequest :: line 483\"  data: no]","message":null,"code":null,"errno":null}
5月 19, 2017 16:14:47.33 1495181687335	Sync.BrowserIDManager	ERROR	Background fetch for key bundle failed: {"error":{},"errorString":"[Exception... \"NS_ERROR_UNKNOWN_HOST\"  nsresult: \"0x804b001e (NS_ERROR_UNKNOWN_HOST)\"  location: \"JS frame :: resource://services-common/rest.js :: onStopRequest :: line 483\"  data: no]","message":null,"code":null,"errno":null}
5月 19, 2017 16:14:47.33 1495181687335	Sync.BrowserIDManager	ERROR	Could not authenticate: {"error":{},"errorString":"[Exception... \"NS_ERROR_UNKNOWN_HOST\"  nsresult: \"0x804b001e (NS_ERROR_UNKNOWN_HOST)\"  location: \"JS frame :: resource://services-common/rest.js :: onStopRequest :: line 483\"  data: no]","message":null,"code":null,"errno":null}
5月 19, 2017 16:14:47.33 1495181687339	Sync.ErrorHandler	ERROR	Sync encountered a login error
5月 19, 2017 17:14:47.40 1495185287405	FirefoxAccounts	ERROR	error POSTing /certificate/sign: {"error":{},"errorString":"[Exception... \"NS_ERROR_UNKNOWN_HOST\"  nsresult: \"0x804b001e (NS_ERROR_UNKNOWN_HOST)\"  location: \"JS frame :: resource://services-common/rest.js :: onStopRequest :: line 483\"  data: no]","message":null,"code":null,"errno":null}
5月 19, 2017 17:14:47.40 1495185287405	FirefoxAccounts	ERROR	error POSTing /certificate/sign: {"error":{},"errorString":"[Exception... \"NS_ERROR_UNKNOWN_HOST\"  nsresult: \"0x804b001e (NS_ERROR_UNKNOWN_HOST)\"  location: \"JS frame :: resource://services-common/rest.js :: onStopRequest :: line 483\"  data: no]","message":null,"code":null,"errno":null}
5月 19, 2017 17:14:47.40 1495185287406	FirefoxAccounts	ERROR	HAWK.signCertificate error: {"error":{},"errorString":"[Exception... \"NS_ERROR_UNKNOWN_HOST\"  nsresult: \"0x804b001e (NS_ERROR_UNKNOWN_HOST)\"  location: \"JS frame :: resource://services-common/rest.js :: onStopRequest :: line 483\"  data: no]","message":null,"code":null,"errno":null}
5月 19, 2017 17:14:47.40 1495185287406	FirefoxAccounts	ERROR	HAWK.signCertificate error: {"error":{},"errorString":"[Exception... \"NS_ERROR_UNKNOWN_HOST\"  nsresult: \"0x804b001e (NS_ERROR_UNKNOWN_HOST)\"  location: \"JS frame :: resource://services-common/rest.js :: onStopRequest :: line 483\"  data: no]","message":null,"code":null,"errno":null}
5月 19, 2017 17:14:47.40 1495185287408	Sync.BrowserIDManager	ERROR	Non-authentication error in _fetchTokenForUser: {"error":{},"errorString":"[Exception... \"NS_ERROR_UNKNOWN_HOST\"  nsresult: \"0x804b001e (NS_ERROR_UNKNOWN_HOST)\"  location: \"JS frame :: resource://services-common/rest.js :: onStopRequest :: line 483\"  data: no]","message":null,"code":null,"errno":null}
5月 19, 2017 17:14:47.40 1495185287409	Sync.BrowserIDManager	ERROR	Background fetch for key bundle failed: {"error":{},"errorString":"[Exception... \"NS_ERROR_UNKNOWN_HOST\"  nsresult: \"0x804b001e (NS_ERROR_UNKNOWN_HOST)\"  location: \"JS frame :: resource://services-common/rest.js :: onStopRequest :: line 483\"  data: no]","message":null,"code":null,"errno":null}
5月 19, 2017 17:14:47.41 1495185287409	Sync.BrowserIDManager	ERROR	Could not authenticate: {"error":{},"errorString":"[Exception... \"NS_ERROR_UNKNOWN_HOST\"  nsresult: \"0x804b001e (NS_ERROR_UNKNOWN_HOST)\"  location: \"JS frame :: resource://services-common/rest.js :: onStopRequest :: line 483\"  data: no]","message":null,"code":null,"errno":null}
5月 19, 2017 17:14:47.41 1495185287414	Sync.ErrorHandler	ERROR	Sync encountered a login error
5月 19, 2017 17:29:58.00 console.error: 
5月 19, 2017 17:29:58.00   Message: ReferenceError: reason is not defined
5月 19, 2017 17:29:58.00   Stack:
5月 19, 2017 17:29:58.00     exports.onUnload@resource://gre/modules/commonjs/toolkit/loader.js -> resource://commonfix-at-mozillaonline-dot-com/lib/main.js:316:1
5月 19, 2017 17:29:58.00 unload/<@resource://gre/modules/commonjs/toolkit/loader.js -> resource://gre/modules/commonjs/sdk/system/unload.js:79:9
5月 19, 2017 17:29:58.00 unload@resource://gre/modules/commonjs/toolkit/loader.js -> resource://gre/modules/commonjs/sdk/system/unload.js:73:3
5月 19, 2017 17:29:58.00 onunload@resource://gre/modules/commonjs/toolkit/loader.js -> resource://gre/modules/commonjs/sdk/system/unload.js:99:5
5月 19, 2017 17:29:58.00 observe@resource://gre/modules/commonjs/toolkit/loader.js -> resource://gre/modules/commonjs/sdk/system/events.js:81:7
5月 19, 2017 17:29:58.00 unload@resource://gre/modules/commonjs/toolkit/loader.js:956:3
5月 19, 2017 17:29:58.00 unload/<@resource://gre/modules/commonjs/toolkit/loader.js -> resource://gre/modules/commonjs/sdk/addon/bootstrap.js:156:9
5月 19, 2017 17:29:58.00 unload@resource://gre/modules/commonjs/toolkit/loader.js -> resource://gre/modules/commonjs/sdk/addon/bootstrap.js:152:12
5月 19, 2017 17:29:58.00 shutdown@resource://gre/modules/commonjs/toolkit/loader.js -> resource://gre/modules/commonjs/sdk/addon/bootstrap.js:149:12
5月 19, 2017 17:29:58.01 callBootstrapMethod@resource://gre/modules/addons/XPIProvider.jsm:4903:11
5月 19, 2017 17:29:58.01 observe@resource://gre/modules/addons/XPIProvider.jsm:2884:15
5月 19, 2017 17:29:58.01 

5月 22, 2017 14:24:00.34 NEW SESSION
5月 22, 2017 14:24:00.34 1495434240347	addons.xpi	WARN	Ignoring missing add-on in C:\Users\Nocol\AppData\Local\Youdao\Dict\Application\stable\extensions\firefox
5月 22, 2017 14:24:00.96 1495434240961	addons.xpi	WARN	Add-on tabtweak@mozillaonline.com is not compatible with application version.
5月 22, 2017 14:24:01.75 1495434241759	addons.webextension.wx-assistant@mozillaonline.com	WARN	Please specify whether you want browser_style or not in your browser_action options.
5月 22, 2017 14:24:03.35 1495434243359	FirefoxAccounts	ERROR	Background refresh of profile failed, bumping _cachedAt: {"name":"FxAccountsProfileClientError","code":null,"errno":998,"error":"NETWORK_ERROR","message":"[Exception... \"NS_ERROR_UNKNOWN_HOST\"  nsresult: \"0x804b001e (NS_ERROR_UNKNOWN_HOST)\"  location: \"JS frame :: resource://services-common/rest.js :: onStopRequest :: line 483\"  data: no]"}
5月 22, 2017 14:24:16.63 1495434256631	FirefoxAccounts	ERROR	error POSTing /certificate/sign: {"error":{},"errorString":"[Exception... \"NS_ERROR_UNKNOWN_HOST\"  nsresult: \"0x804b001e (NS_ERROR_UNKNOWN_HOST)\"  location: \"JS frame :: resource://services-common/rest.js :: onStopRequest :: line 483\"  data: no]","message":null,"code":null,"errno":null}
5月 22, 2017 14:24:16.63 1495434256631	FirefoxAccounts	ERROR	error POSTing /certificate/sign: {"error":{},"errorString":"[Exception... \"NS_ERROR_UNKNOWN_HOST\"  nsresult: \"0x804b001e (NS_ERROR_UNKNOWN_HOST)\"  location: \"JS frame :: resource://services-common/rest.js :: onStopRequest :: line 483\"  data: no]","message":null,"code":null,"errno":null}
5月 22, 2017 14:24:16.63 1495434256631	FirefoxAccounts	ERROR	HAWK.signCertificate error: {"error":{},"errorString":"[Exception... \"NS_ERROR_UNKNOWN_HOST\"  nsresult: \"0x804b001e (NS_ERROR_UNKNOWN_HOST)\"  location: \"JS frame :: resource://services-common/rest.js :: onStopRequest :: line 483\"  data: no]","message":null,"code":null,"errno":null}
5月 22, 2017 14:24:16.63 1495434256631	FirefoxAccounts	ERROR	HAWK.signCertificate error: {"error":{},"errorString":"[Exception... \"NS_ERROR_UNKNOWN_HOST\"  nsresult: \"0x804b001e (NS_ERROR_UNKNOWN_HOST)\"  location: \"JS frame :: resource://services-common/rest.js :: onStopRequest :: line 483\"  data: no]","message":null,"code":null,"errno":null}
5月 22, 2017 14:24:16.63 1495434256633	Sync.BrowserIDManager	ERROR	Non-authentication error in _fetchTokenForUser: {"error":{},"errorString":"[Exception... \"NS_ERROR_UNKNOWN_HOST\"  nsresult: \"0x804b001e (NS_ERROR_UNKNOWN_HOST)\"  location: \"JS frame :: resource://services-common/rest.js :: onStopRequest :: line 483\"  data: no]","message":null,"code":null,"errno":null}
5月 22, 2017 14:24:16.63 1495434256633	Sync.BrowserIDManager	ERROR	Background fetch for key bundle failed: {"error":{},"errorString":"[Exception... \"NS_ERROR_UNKNOWN_HOST\"  nsresult: \"0x804b001e (NS_ERROR_UNKNOWN_HOST)\"  location: \"JS frame :: resource://services-common/rest.js :: onStopRequest :: line 483\"  data: no]","message":null,"code":null,"errno":null}
5月 22, 2017 14:24:16.65 1495434256633	Sync.BrowserIDManager	ERROR	Could not authenticate: {"error":{},"errorString":"[Exception... \"NS_ERROR_UNKNOWN_HOST\"  nsresult: \"0x804b001e (NS_ERROR_UNKNOWN_HOST)\"  location: \"JS frame :: resource://services-common/rest.js :: onStopRequest :: line 483\"  data: no]","message":null,"code":null,"errno":null}
5月 22, 2017 14:24:16.65 1495434256635	Sync.ErrorHandler	ERROR	Sync encountered a login error
5月 22, 2017 15:24:16.67 1495437856675	FirefoxAccounts	ERROR	error POSTing /certificate/sign: {"error":{},"errorString":"[Exception... \"NS_ERROR_UNKNOWN_HOST\"  nsresult: \"0x804b001e (NS_ERROR_UNKNOWN_HOST)\"  location: \"JS frame :: resource://services-common/rest.js :: onStopRequest :: line 483\"  data: no]","message":null,"code":null,"errno":null}
5月 22, 2017 15:24:16.69 1495437856675	FirefoxAccounts	ERROR	error POSTing /certificate/sign: {"error":{},"errorString":"[Exception... \"NS_ERROR_UNKNOWN_HOST\"  nsresult: \"0x804b001e (NS_ERROR_UNKNOWN_HOST)\"  location: \"JS frame :: resource://services-common/rest.js :: onStopRequest :: line 483\"  data: no]","message":null,"code":null,"errno":null}
5月 22, 2017 15:24:16.69 1495437856675	FirefoxAccounts	ERROR	HAWK.signCertificate error: {"error":{},"errorString":"[Exception... \"NS_ERROR_UNKNOWN_HOST\"  nsresult: \"0x804b001e (NS_ERROR_UNKNOWN_HOST)\"  location: \"JS frame :: resource://services-common/rest.js :: onStopRequest :: line 483\"  data: no]","message":null,"code":null,"errno":null}
5月 22, 2017 15:24:16.69 1495437856675	FirefoxAccounts	ERROR	HAWK.signCertificate error: {"error":{},"errorString":"[Exception... \"NS_ERROR_UNKNOWN_HOST\"  nsresult: \"0x804b001e (NS_ERROR_UNKNOWN_HOST)\"  location: \"JS frame :: resource://services-common/rest.js :: onStopRequest :: line 483\"  data: no]","message":null,"code":null,"errno":null}
5月 22, 2017 15:24:16.69 1495437856676	Sync.BrowserIDManager	ERROR	Non-authentication error in _fetchTokenForUser: {"error":{},"errorString":"[Exception... \"NS_ERROR_UNKNOWN_HOST\"  nsresult: \"0x804b001e (NS_ERROR_UNKNOWN_HOST)\"  location: \"JS frame :: resource://services-common/rest.js :: onStopRequest :: line 483\"  data: no]","message":null,"code":null,"errno":null}
5月 22, 2017 15:24:16.69 1495437856676	Sync.BrowserIDManager	ERROR	Background fetch for key bundle failed: {"error":{},"errorString":"[Exception... \"NS_ERROR_UNKNOWN_HOST\"  nsresult: \"0x804b001e (NS_ERROR_UNKNOWN_HOST)\"  location: \"JS frame :: resource://services-common/rest.js :: onStopRequest :: line 483\"  data: no]","message":null,"code":null,"errno":null}
5月 22, 2017 15:24:16.70 1495437856677	Sync.BrowserIDManager	ERROR	Could not authenticate: {"error":{},"errorString":"[Exception... \"NS_ERROR_UNKNOWN_HOST\"  nsresult: \"0x804b001e (NS_ERROR_UNKNOWN_HOST)\"  location: \"JS frame :: resource://services-common/rest.js :: onStopRequest :: line 483\"  data: no]","message":null,"code":null,"errno":null}
5月 22, 2017 15:24:16.70 1495437856679	Sync.ErrorHandler	ERROR	Sync encountered a login error
5月 22, 2017 16:24:16.74 1495441456746	FirefoxAccounts	ERROR	error POSTing /certificate/sign: {"error":{},"errorString":"[Exception... \"NS_ERROR_UNKNOWN_HOST\"  nsresult: \"0x804b001e (NS_ERROR_UNKNOWN_HOST)\"  location: \"JS frame :: resource://services-common/rest.js :: onStopRequest :: line 483\"  data: no]","message":null,"code":null,"errno":null}
5月 22, 2017 16:24:16.74 1495441456746	FirefoxAccounts	ERROR	error POSTing /certificate/sign: {"error":{},"errorString":"[Exception... \"NS_ERROR_UNKNOWN_HOST\"  nsresult: \"0x804b001e (NS_ERROR_UNKNOWN_HOST)\"  location: \"JS frame :: resource://services-common/rest.js :: onStopRequest :: line 483\"  data: no]","message":null,"code":null,"errno":null}
5月 22, 2017 16:24:16.76 1495441456746	FirefoxAccounts	ERROR	HAWK.signCertificate error: {"error":{},"errorString":"[Exception... \"NS_ERROR_UNKNOWN_HOST\"  nsresult: \"0x804b001e (NS_ERROR_UNKNOWN_HOST)\"  location: \"JS frame :: resource://services-common/rest.js :: onStopRequest :: line 483\"  data: no]","message":null,"code":null,"errno":null}
5月 22, 2017 16:24:16.76 1495441456746	FirefoxAccounts	ERROR	HAWK.signCertificate error: {"error":{},"errorString":"[Exception... \"NS_ERROR_UNKNOWN_HOST\"  nsresult: \"0x804b001e (NS_ERROR_UNKNOWN_HOST)\"  location: \"JS frame :: resource://services-common/rest.js :: onStopRequest :: line 483\"  data: no]","message":null,"code":null,"errno":null}
5月 22, 2017 16:24:16.76 1495441456748	Sync.BrowserIDManager	ERROR	Non-authentication error in _fetchTokenForUser: {"error":{},"errorString":"[Exception... \"NS_ERROR_UNKNOWN_HOST\"  nsresult: \"0x804b001e (NS_ERROR_UNKNOWN_HOST)\"  location: \"JS frame :: resource://services-common/rest.js :: onStopRequest :: line 483\"  data: no]","message":null,"code":null,"errno":null}
5月 22, 2017 16:24:16.76 1495441456749	Sync.BrowserIDManager	ERROR	Background fetch for key bundle failed: {"error":{},"errorString":"[Exception... \"NS_ERROR_UNKNOWN_HOST\"  nsresult: \"0x804b001e (NS_ERROR_UNKNOWN_HOST)\"  location: \"JS frame :: resource://services-common/rest.js :: onStopRequest :: line 483\"  data: no]","message":null,"code":null,"errno":null}
5月 22, 2017 16:24:16.76 1495441456749	Sync.BrowserIDManager	ERROR	Could not authenticate: {"error":{},"errorString":"[Exception... \"NS_ERROR_UNKNOWN_HOST\"  nsresult: \"0x804b001e (NS_ERROR_UNKNOWN_HOST)\"  location: \"JS frame :: resource://services-common/rest.js :: onStopRequest :: line 483\"  data: no]","message":null,"code":null,"errno":null}
5月 22, 2017 16:24:16.76 1495441456753	Sync.ErrorHandler	ERROR	Sync encountered a login error
5月 22, 2017 17:24:16.83 1495445056830	FirefoxAccounts	ERROR	error POSTing /certificate/sign: {"error":{},"errorString":"[Exception... \"NS_ERROR_UNKNOWN_HOST\"  nsresult: \"0x804b001e (NS_ERROR_UNKNOWN_HOST)\"  location: \"JS frame :: resource://services-common/rest.js :: onStopRequest :: line 483\"  data: no]","message":null,"code":null,"errno":null}
5月 22, 2017 17:24:16.83 1495445056830	FirefoxAccounts	ERROR	error POSTing /certificate/sign: {"error":{},"errorString":"[Exception... \"NS_ERROR_UNKNOWN_HOST\"  nsresult: \"0x804b001e (NS_ERROR_UNKNOWN_HOST)\"  location: \"JS frame :: resource://services-common/rest.js :: onStopRequest :: line 483\"  data: no]","message":null,"code":null,"errno":null}
5月 22, 2017 17:24:16.83 1495445056830	FirefoxAccounts	ERROR	HAWK.signCertificate error: {"error":{},"errorString":"[Exception... \"NS_ERROR_UNKNOWN_HOST\"  nsresult: \"0x804b001e (NS_ERROR_UNKNOWN_HOST)\"  location: \"JS frame :: resource://services-common/rest.js :: onStopRequest :: line 483\"  data: no]","message":null,"code":null,"errno":null}
5月 22, 2017 17:24:16.83 1495445056830	FirefoxAccounts	ERROR	HAWK.signCertificate error: {"error":{},"errorString":"[Exception... \"NS_ERROR_UNKNOWN_HOST\"  nsresult: \"0x804b001e (NS_ERROR_UNKNOWN_HOST)\"  location: \"JS frame :: resource://services-common/rest.js :: onStopRequest :: line 483\"  data: no]","message":null,"code":null,"errno":null}
5月 22, 2017 17:24:16.83 1495445056832	Sync.BrowserIDManager	ERROR	Non-authentication error in _fetchTokenForUser: {"error":{},"errorString":"[Exception... \"NS_ERROR_UNKNOWN_HOST\"  nsresult: \"0x804b001e (NS_ERROR_UNKNOWN_HOST)\"  location: \"JS frame :: resource://services-common/rest.js :: onStopRequest :: line 483\"  data: no]","message":null,"code":null,"errno":null}
5月 22, 2017 17:24:16.83 1495445056832	Sync.BrowserIDManager	ERROR	Background fetch for key bundle failed: {"error":{},"errorString":"[Exception... \"NS_ERROR_UNKNOWN_HOST\"  nsresult: \"0x804b001e (NS_ERROR_UNKNOWN_HOST)\"  location: \"JS frame :: resource://services-common/rest.js :: onStopRequest :: line 483\"  data: no]","message":null,"code":null,"errno":null}
5月 22, 2017 17:24:16.83 1495445056833	Sync.BrowserIDManager	ERROR	Could not authenticate: {"error":{},"errorString":"[Exception... \"NS_ERROR_UNKNOWN_HOST\"  nsresult: \"0x804b001e (NS_ERROR_UNKNOWN_HOST)\"  location: \"JS frame :: resource://services-common/rest.js :: onStopRequest :: line 483\"  data: no]","message":null,"code":null,"errno":null}
5月 22, 2017 17:24:16.83 1495445056835	Sync.ErrorHandler	ERROR	Sync encountered a login error
5月 22, 2017 18:24:16.88 1495448656886	FirefoxAccounts	ERROR	error POSTing /certificate/sign: {"error":{},"errorString":"[Exception... \"NS_ERROR_UNKNOWN_HOST\"  nsresult: \"0x804b001e (NS_ERROR_UNKNOWN_HOST)\"  location: \"JS frame :: resource://services-common/rest.js :: onStopRequest :: line 483\"  data: no]","message":null,"code":null,"errno":null}
5月 22, 2017 18:24:16.88 1495448656886	FirefoxAccounts	ERROR	error POSTing /certificate/sign: {"error":{},"errorString":"[Exception... \"NS_ERROR_UNKNOWN_HOST\"  nsresult: \"0x804b001e (NS_ERROR_UNKNOWN_HOST)\"  location: \"JS frame :: resource://services-common/rest.js :: onStopRequest :: line 483\"  data: no]","message":null,"code":null,"errno":null}
5月 22, 2017 18:24:16.88 1495448656886	FirefoxAccounts	ERROR	HAWK.signCertificate error: {"error":{},"errorString":"[Exception... \"NS_ERROR_UNKNOWN_HOST\"  nsresult: \"0x804b001e (NS_ERROR_UNKNOWN_HOST)\"  location: \"JS frame :: resource://services-common/rest.js :: onStopRequest :: line 483\"  data: no]","message":null,"code":null,"errno":null}
5月 22, 2017 18:24:16.88 1495448656886	FirefoxAccounts	ERROR	HAWK.signCertificate error: {"error":{},"errorString":"[Exception... \"NS_ERROR_UNKNOWN_HOST\"  nsresult: \"0x804b001e (NS_ERROR_UNKNOWN_HOST)\"  location: \"JS frame :: resource://services-common/rest.js :: onStopRequest :: line 483\"  data: no]","message":null,"code":null,"errno":null}
5月 22, 2017 18:24:16.88 1495448656887	Sync.BrowserIDManager	ERROR	Non-authentication error in _fetchTokenForUser: {"error":{},"errorString":"[Exception... \"NS_ERROR_UNKNOWN_HOST\"  nsresult: \"0x804b001e (NS_ERROR_UNKNOWN_HOST)\"  location: \"JS frame :: resource://services-common/rest.js :: onStopRequest :: line 483\"  data: no]","message":null,"code":null,"errno":null}
5月 22, 2017 18:24:16.89 1495448656888	Sync.BrowserIDManager	ERROR	Background fetch for key bundle failed: {"error":{},"errorString":"[Exception... \"NS_ERROR_UNKNOWN_HOST\"  nsresult: \"0x804b001e (NS_ERROR_UNKNOWN_HOST)\"  location: \"JS frame :: resource://services-common/rest.js :: onStopRequest :: line 483\"  data: no]","message":null,"code":null,"errno":null}
5月 22, 2017 18:24:16.89 1495448656888	Sync.BrowserIDManager	ERROR	Could not authenticate: {"error":{},"errorString":"[Exception... \"NS_ERROR_UNKNOWN_HOST\"  nsresult: \"0x804b001e (NS_ERROR_UNKNOWN_HOST)\"  location: \"JS frame :: resource://services-common/rest.js :: onStopRequest :: line 483\"  data: no]","message":null,"code":null,"errno":null}
5月 22, 2017 18:24:16.89 1495448656891	Sync.ErrorHandler	ERROR	Sync encountered a login error
5月 22, 2017 19:15:25.46 *************************
5月 22, 2017 19:15:25.46 A coding exception was thrown and uncaught in a Task.
5月 22, 2017 19:15:25.46 
5月 22, 2017 19:15:25.46 Full message: TypeError: NetworkError when attempting to fetch resource.
5月 22, 2017 19:15:25.46 Full stack: 
5月 22, 2017 19:15:25.47 *************************
5月 22, 2017 19:24:16.97 1495452256975	FirefoxAccounts	ERROR	error POSTing /certificate/sign: {"error":{},"errorString":"[Exception... \"NS_ERROR_UNKNOWN_HOST\"  nsresult: \"0x804b001e (NS_ERROR_UNKNOWN_HOST)\"  location: \"JS frame :: resource://services-common/rest.js :: onStopRequest :: line 483\"  data: no]","message":null,"code":null,"errno":null}
5月 22, 2017 19:24:16.97 1495452256975	FirefoxAccounts	ERROR	error POSTing /certificate/sign: {"error":{},"errorString":"[Exception... \"NS_ERROR_UNKNOWN_HOST\"  nsresult: \"0x804b001e (NS_ERROR_UNKNOWN_HOST)\"  location: \"JS frame :: resource://services-common/rest.js :: onStopRequest :: line 483\"  data: no]","message":null,"code":null,"errno":null}
5月 22, 2017 19:24:16.97 1495452256975	FirefoxAccounts	ERROR	HAWK.signCertificate error: {"error":{},"errorString":"[Exception... \"NS_ERROR_UNKNOWN_HOST\"  nsresult: \"0x804b001e (NS_ERROR_UNKNOWN_HOST)\"  location: \"JS frame :: resource://services-common/rest.js :: onStopRequest :: line 483\"  data: no]","message":null,"code":null,"errno":null}
5月 22, 2017 19:24:16.98 1495452256975	FirefoxAccounts	ERROR	HAWK.signCertificate error: {"error":{},"errorString":"[Exception... \"NS_ERROR_UNKNOWN_HOST\"  nsresult: \"0x804b001e (NS_ERROR_UNKNOWN_HOST)\"  location: \"JS frame :: resource://services-common/rest.js :: onStopRequest :: line 483\"  data: no]","message":null,"code":null,"errno":null}
5月 22, 2017 19:24:16.98 1495452256978	Sync.BrowserIDManager	ERROR	Non-authentication error in _fetchTokenForUser: {"error":{},"errorString":"[Exception... \"NS_ERROR_UNKNOWN_HOST\"  nsresult: \"0x804b001e (NS_ERROR_UNKNOWN_HOST)\"  location: \"JS frame :: resource://services-common/rest.js :: onStopRequest :: line 483\"  data: no]","message":null,"code":null,"errno":null}
5月 22, 2017 19:24:16.98 1495452256980	Sync.BrowserIDManager	ERROR	Background fetch for key bundle failed: {"error":{},"errorString":"[Exception... \"NS_ERROR_UNKNOWN_HOST\"  nsresult: \"0x804b001e (NS_ERROR_UNKNOWN_HOST)\"  location: \"JS frame :: resource://services-common/rest.js :: onStopRequest :: line 483\"  data: no]","message":null,"code":null,"errno":null}
5月 22, 2017 19:24:16.98 1495452256980	Sync.BrowserIDManager	ERROR	Could not authenticate: {"error":{},"errorString":"[Exception... \"NS_ERROR_UNKNOWN_HOST\"  nsresult: \"0x804b001e (NS_ERROR_UNKNOWN_HOST)\"  location: \"JS frame :: resource://services-common/rest.js :: onStopRequest :: line 483\"  data: no]","message":null,"code":null,"errno":null}
5月 22, 2017 19:24:16.99 1495452256991	Sync.ErrorHandler	ERROR	Sync encountered a login error

8月 01, 2017 15:28:00.23 NEW SESSION
8月 01, 2017 15:28:00.23 1501572480224	addons.xpi	WARN	Ignoring missing add-on in C:\Users\Nocol\AppData\Local\Youdao\Dict\Application\stable\extensions\firefox
8月 01, 2017 15:28:01.96 1501572481960	addons.xpi	WARN	Add-on tabtweak@mozillaonline.com is not compatible with application version.
8月 01, 2017 15:28:04.79 1501572484793	addons.webextension.wx-assistant@mozillaonline.com	WARN	Please specify whether you want browser_style or not in your browser_action options.
8月 01, 2017 15:28:10.66 1501572490666	FirefoxAccounts	ERROR	Background refresh of profile failed: {"name":"FxAccountsProfileClientError","code":null,"errno":998,"error":"NETWORK_ERROR","message":"[Exception... \"NS_ERROR_UNKNOWN_HOST\"  nsresult: \"0x804b001e (NS_ERROR_UNKNOWN_HOST)\"  location: \"JS frame :: resource://services-common/rest.js :: onStopRequest :: line 483\"  data: no]"}
8月 01, 2017 15:28:18.74 1501572498746	FirefoxAccounts	ERROR	error POSTing /certificate/sign: {"error":{},"errorString":"[Exception... \"NS_ERROR_UNKNOWN_HOST\"  nsresult: \"0x804b001e (NS_ERROR_UNKNOWN_HOST)\"  location: \"JS frame :: resource://services-common/rest.js :: onStopRequest :: line 483\"  data: no]","message":null,"code":null,"errno":null}
8月 01, 2017 15:28:18.74 1501572498746	FirefoxAccounts	ERROR	error POSTing /certificate/sign: {"error":{},"errorString":"[Exception... \"NS_ERROR_UNKNOWN_HOST\"  nsresult: \"0x804b001e (NS_ERROR_UNKNOWN_HOST)\"  location: \"JS frame :: resource://services-common/rest.js :: onStopRequest :: line 483\"  data: no]","message":null,"code":null,"errno":null}
8月 01, 2017 15:28:18.75 1501572498747	FirefoxAccounts	ERROR	HAWK.signCertificate error: {"error":{},"errorString":"[Exception... \"NS_ERROR_UNKNOWN_HOST\"  nsresult: \"0x804b001e (NS_ERROR_UNKNOWN_HOST)\"  location: \"JS frame :: resource://services-common/rest.js :: onStopRequest :: line 483\"  data: no]","message":null,"code":null,"errno":null}
8月 01, 2017 15:28:18.75 1501572498747	FirefoxAccounts	ERROR	HAWK.signCertificate error: {"error":{},"errorString":"[Exception... \"NS_ERROR_UNKNOWN_HOST\"  nsresult: \"0x804b001e (NS_ERROR_UNKNOWN_HOST)\"  location: \"JS frame :: resource://services-common/rest.js :: onStopRequest :: line 483\"  data: no]","message":null,"code":null,"errno":null}
8月 01, 2017 15:28:18.75 1501572498751	Sync.BrowserIDManager	ERROR	Non-authentication error in _fetchTokenForUser: {"error":{},"errorString":"[Exception... \"NS_ERROR_UNKNOWN_HOST\"  nsresult: \"0x804b001e (NS_ERROR_UNKNOWN_HOST)\"  location: \"JS frame :: resource://services-common/rest.js :: onStopRequest :: line 483\"  data: no]","message":null,"code":null,"errno":null}
8月 01, 2017 15:28:18.75 1501572498752	Sync.BrowserIDManager	ERROR	Background fetch for key bundle failed: {"error":{},"errorString":"[Exception... \"NS_ERROR_UNKNOWN_HOST\"  nsresult: \"0x804b001e (NS_ERROR_UNKNOWN_HOST)\"  location: \"JS frame :: resource://services-common/rest.js :: onStopRequest :: line 483\"  data: no]","message":null,"code":null,"errno":null}
8月 01, 2017 15:28:18.75 1501572498753	Sync.BrowserIDManager	ERROR	Could not authenticate: {"error":{},"errorString":"[Exception... \"NS_ERROR_UNKNOWN_HOST\"  nsresult: \"0x804b001e (NS_ERROR_UNKNOWN_HOST)\"  location: \"JS frame :: resource://services-common/rest.js :: onStopRequest :: line 483\"  data: no]","message":null,"code":null,"errno":null}
8月 01, 2017 15:28:18.76 1501572498760	Sync.ErrorHandler	ERROR	Sync encountered a login error
8月 01, 2017 15:37:20.11 1501573040117	FirefoxAccounts	ERROR	error POSTing /certificate/sign: {"error":{},"errorString":"[Exception... \"NS_ERROR_UNKNOWN_HOST\"  nsresult: \"0x804b001e (NS_ERROR_UNKNOWN_HOST)\"  location: \"JS frame :: resource://services-common/rest.js :: onStopRequest :: line 483\"  data: no]","message":null,"code":null,"errno":null}
8月 01, 2017 15:37:20.12 1501573040117	FirefoxAccounts	ERROR	error POSTing /certificate/sign: {"error":{},"errorString":"[Exception... \"NS_ERROR_UNKNOWN_HOST\"  nsresult: \"0x804b001e (NS_ERROR_UNKNOWN_HOST)\"  location: \"JS frame :: resource://services-common/rest.js :: onStopRequest :: line 483\"  data: no]","message":null,"code":null,"errno":null}
8月 01, 2017 15:37:20.12 1501573040118	FirefoxAccounts	ERROR	HAWK.signCertificate error: {"error":{},"errorString":"[Exception... \"NS_ERROR_UNKNOWN_HOST\"  nsresult: \"0x804b001e (NS_ERROR_UNKNOWN_HOST)\"  location: \"JS frame :: resource://services-common/rest.js :: onStopRequest :: line 483\"  data: no]","message":null,"code":null,"errno":null}
8月 01, 2017 15:37:20.12 1501573040118	FirefoxAccounts	ERROR	HAWK.signCertificate error: {"error":{},"errorString":"[Exception... \"NS_ERROR_UNKNOWN_HOST\"  nsresult: \"0x804b001e (NS_ERROR_UNKNOWN_HOST)\"  location: \"JS frame :: resource://services-common/rest.js :: onStopRequest :: line 483\"  data: no]","message":null,"code":null,"errno":null}
8月 01, 2017 15:37:20.12 1501573040122	Sync.BrowserIDManager	ERROR	Non-authentication error in _fetchTokenForUser: {"error":{},"errorString":"[Exception... \"NS_ERROR_UNKNOWN_HOST\"  nsresult: \"0x804b001e (NS_ERROR_UNKNOWN_HOST)\"  location: \"JS frame :: resource://services-common/rest.js :: onStopRequest :: line 483\"  data: no]","message":null,"code":null,"errno":null}
8月 01, 2017 15:37:20.12 1501573040124	Sync.BrowserIDManager	ERROR	Background fetch for key bundle failed: {"error":{},"errorString":"[Exception... \"NS_ERROR_UNKNOWN_HOST\"  nsresult: \"0x804b001e (NS_ERROR_UNKNOWN_HOST)\"  location: \"JS frame :: resource://services-common/rest.js :: onStopRequest :: line 483\"  data: no]","message":null,"code":null,"errno":null}
8月 01, 2017 15:37:20.12 1501573040127	Sync.BrowserIDManager	ERROR	Could not authenticate: {"error":{},"errorString":"[Exception... \"NS_ERROR_UNKNOWN_HOST\"  nsresult: \"0x804b001e (NS_ERROR_UNKNOWN_HOST)\"  location: \"JS frame :: resource://services-common/rest.js :: onStopRequest :: line 483\"  data: no]","message":null,"code":null,"errno":null}
8月 01, 2017 15:37:20.13 1501573040138	Sync.ErrorHandler	ERROR	Sync encountered a login error
8月 01, 2017 15:53:55.83 1501574035837	FirefoxAccounts	ERROR	error POSTing /certificate/sign: {"error":{},"errorString":"[Exception... \"NS_ERROR_UNKNOWN_HOST\"  nsresult: \"0x804b001e (NS_ERROR_UNKNOWN_HOST)\"  location: \"JS frame :: resource://services-common/rest.js :: onStopRequest :: line 483\"  data: no]","message":null,"code":null,"errno":null}
8月 01, 2017 15:53:55.83 1501574035837	FirefoxAccounts	ERROR	error POSTing /certificate/sign: {"error":{},"errorString":"[Exception... \"NS_ERROR_UNKNOWN_HOST\"  nsresult: \"0x804b001e (NS_ERROR_UNKNOWN_HOST)\"  location: \"JS frame :: resource://services-common/rest.js :: onStopRequest :: line 483\"  data: no]","message":null,"code":null,"errno":null}
8月 01, 2017 15:53:55.84 1501574035838	FirefoxAccounts	ERROR	HAWK.signCertificate error: {"error":{},"errorString":"[Exception... \"NS_ERROR_UNKNOWN_HOST\"  nsresult: \"0x804b001e (NS_ERROR_UNKNOWN_HOST)\"  location: \"JS frame :: resource://services-common/rest.js :: onStopRequest :: line 483\"  data: no]","message":null,"code":null,"errno":null}
8月 01, 2017 15:53:55.84 1501574035838	FirefoxAccounts	ERROR	HAWK.signCertificate error: {"error":{},"errorString":"[Exception... \"NS_ERROR_UNKNOWN_HOST\"  nsresult: \"0x804b001e (NS_ERROR_UNKNOWN_HOST)\"  location: \"JS frame :: resource://services-common/rest.js :: onStopRequest :: line 483\"  data: no]","message":null,"code":null,"errno":null}
8月 01, 2017 15:53:55.84 1501574035843	Sync.BrowserIDManager	ERROR	Non-authentication error in _fetchTokenForUser: {"error":{},"errorString":"[Exception... \"NS_ERROR_UNKNOWN_HOST\"  nsresult: \"0x804b001e (NS_ERROR_UNKNOWN_HOST)\"  location: \"JS frame :: resource://services-common/rest.js :: onStopRequest :: line 483\"  data: no]","message":null,"code":null,"errno":null}
8月 01, 2017 15:53:55.84 1501574035844	Sync.BrowserIDManager	ERROR	Background fetch for key bundle failed: {"error":{},"errorString":"[Exception... \"NS_ERROR_UNKNOWN_HOST\"  nsresult: \"0x804b001e (NS_ERROR_UNKNOWN_HOST)\"  location: \"JS frame :: resource://services-common/rest.js :: onStopRequest :: line 483\"  data: no]","message":null,"code":null,"errno":null}
8月 01, 2017 15:53:55.84 1501574035845	Sync.BrowserIDManager	ERROR	Could not authenticate: {"error":{},"errorString":"[Exception... \"NS_ERROR_UNKNOWN_HOST\"  nsresult: \"0x804b001e (NS_ERROR_UNKNOWN_HOST)\"  location: \"JS frame :: resource://services-common/rest.js :: onStopRequest :: line 483\"  data: no]","message":null,"code":null,"errno":null}
8月 01, 2017 15:53:55.85 1501574035855	Sync.ErrorHandler	ERROR	Sync encountered a login error
8月 01, 2017 16:24:29.93 1501575869935	FirefoxAccounts	ERROR	error POSTing /certificate/sign: {"error":{},"errorString":"[Exception... \"NS_ERROR_UNKNOWN_HOST\"  nsresult: \"0x804b001e (NS_ERROR_UNKNOWN_HOST)\"  location: \"JS frame :: resource://services-common/rest.js :: onStopRequest :: line 483\"  data: no]","message":null,"code":null,"errno":null}
8月 01, 2017 16:24:29.93 1501575869935	FirefoxAccounts	ERROR	error POSTing /certificate/sign: {"error":{},"errorString":"[Exception... \"NS_ERROR_UNKNOWN_HOST\"  nsresult: \"0x804b001e (NS_ERROR_UNKNOWN_HOST)\"  location: \"JS frame :: resource://services-common/rest.js :: onStopRequest :: line 483\"  data: no]","message":null,"code":null,"errno":null}
8月 01, 2017 16:24:29.93 1501575869936	FirefoxAccounts	ERROR	HAWK.signCertificate error: {"error":{},"errorString":"[Exception... \"NS_ERROR_UNKNOWN_HOST\"  nsresult: \"0x804b001e (NS_ERROR_UNKNOWN_HOST)\"  location: \"JS frame :: resource://services-common/rest.js :: onStopRequest :: line 483\"  data: no]","message":null,"code":null,"errno":null}
8月 01, 2017 16:24:29.94 1501575869936	FirefoxAccounts	ERROR	HAWK.signCertificate error: {"error":{},"errorString":"[Exception... \"NS_ERROR_UNKNOWN_HOST\"  nsresult: \"0x804b001e (NS_ERROR_UNKNOWN_HOST)\"  location: \"JS frame :: resource://services-common/rest.js :: onStopRequest :: line 483\"  data: no]","message":null,"code":null,"errno":null}
8月 01, 2017 16:24:29.94 1501575869943	Sync.BrowserIDManager	ERROR	Non-authentication error in _fetchTokenForUser: {"error":{},"errorString":"[Exception... \"NS_ERROR_UNKNOWN_HOST\"  nsresult: \"0x804b001e (NS_ERROR_UNKNOWN_HOST)\"  location: \"JS frame :: resource://services-common/rest.js :: onStopRequest :: line 483\"  data: no]","message":null,"code":null,"errno":null}
8月 01, 2017 16:24:29.94 1501575869946	Sync.BrowserIDManager	ERROR	Background fetch for key bundle failed: {"error":{},"errorString":"[Exception... \"NS_ERROR_UNKNOWN_HOST\"  nsresult: \"0x804b001e (NS_ERROR_UNKNOWN_HOST)\"  location: \"JS frame :: resource://services-common/rest.js :: onStopRequest :: line 483\"  data: no]","message":null,"code":null,"errno":null}
8月 01, 2017 16:24:29.95 1501575869949	Sync.BrowserIDManager	ERROR	Could not authenticate: {"error":{},"errorString":"[Exception... \"NS_ERROR_UNKNOWN_HOST\"  nsresult: \"0x804b001e (NS_ERROR_UNKNOWN_HOST)\"  location: \"JS frame :: resource://services-common/rest.js :: onStopRequest :: line 483\"  data: no]","message":null,"code":null,"errno":null}
8月 01, 2017 16:24:29.96 1501575869962	Sync.ErrorHandler	ERROR	Sync encountered a login error
8月 01, 2017 17:24:30.06 1501579470066	FirefoxAccounts	ERROR	error POSTing /certificate/sign: {"error":{},"errorString":"[Exception... \"NS_ERROR_UNKNOWN_HOST\"  nsresult: \"0x804b001e (NS_ERROR_UNKNOWN_HOST)\"  location: \"JS frame :: resource://services-common/rest.js :: onStopRequest :: line 483\"  data: no]","message":null,"code":null,"errno":null}
8月 01, 2017 17:24:30.07 1501579470066	FirefoxAccounts	ERROR	error POSTing /certificate/sign: {"error":{},"errorString":"[Exception... \"NS_ERROR_UNKNOWN_HOST\"  nsresult: \"0x804b001e (NS_ERROR_UNKNOWN_HOST)\"  location: \"JS frame :: resource://services-common/rest.js :: onStopRequest :: line 483\"  data: no]","message":null,"code":null,"errno":null}
8月 01, 2017 17:24:30.07 1501579470067	FirefoxAccounts	ERROR	HAWK.signCertificate error: {"error":{},"errorString":"[Exception... \"NS_ERROR_UNKNOWN_HOST\"  nsresult: \"0x804b001e (NS_ERROR_UNKNOWN_HOST)\"  location: \"JS frame :: resource://services-common/rest.js :: onStopRequest :: line 483\"  data: no]","message":null,"code":null,"errno":null}
8月 01, 2017 17:24:30.07 1501579470067	FirefoxAccounts	ERROR	HAWK.signCertificate error: {"error":{},"errorString":"[Exception... \"NS_ERROR_UNKNOWN_HOST\"  nsresult: \"0x804b001e (NS_ERROR_UNKNOWN_HOST)\"  location: \"JS frame :: resource://services-common/rest.js :: onStopRequest :: line 483\"  data: no]","message":null,"code":null,"errno":null}
8月 01, 2017 17:24:30.07 1501579470073	Sync.BrowserIDManager	ERROR	Non-authentication error in _fetchTokenForUser: {"error":{},"errorString":"[Exception... \"NS_ERROR_UNKNOWN_HOST\"  nsresult: \"0x804b001e (NS_ERROR_UNKNOWN_HOST)\"  location: \"JS frame :: resource://services-common/rest.js :: onStopRequest :: line 483\"  data: no]","message":null,"code":null,"errno":null}
8月 01, 2017 17:24:30.07 1501579470075	Sync.BrowserIDManager	ERROR	Background fetch for key bundle failed: {"error":{},"errorString":"[Exception... \"NS_ERROR_UNKNOWN_HOST\"  nsresult: \"0x804b001e (NS_ERROR_UNKNOWN_HOST)\"  location: \"JS frame :: resource://services-common/rest.js :: onStopRequest :: line 483\"  data: no]","message":null,"code":null,"errno":null}
8月 01, 2017 17:24:30.07 1501579470076	Sync.BrowserIDManager	ERROR	Could not authenticate: {"error":{},"errorString":"[Exception... \"NS_ERROR_UNKNOWN_HOST\"  nsresult: \"0x804b001e (NS_ERROR_UNKNOWN_HOST)\"  location: \"JS frame :: resource://services-common/rest.js :: onStopRequest :: line 483\"  data: no]","message":null,"code":null,"errno":null}
8月 01, 2017 17:24:30.09 1501579470090	Sync.ErrorHandler	ERROR	Sync encountered a login error
